INFO  time: initialize in 0.29s
WARN  no build tool detected in workspace 'C:\rnd_project'. The most common cause for this problem is that the editor was opened in the wrong working directory, for example if you use sbt then the workspace directory should contain build.sbt. 
WARN  no build target: C:\rnd_project\mongo_spark.scala
INFO  no build target: using presentation compiler with only scala-library
WARN  no build target: C:\rnd_project\mongo_spark.scala
WARN  no build target: 
WARN  no build target: C:\rnd_project\mongo_spark.scala
WARN  no build target: 
WARN  no build target: C:\rnd_project\mongo_spark.scala
WARN  no build target: 
WARN  no build target: C:\rnd_project\mongo_spark.scala
WARN  no build target: 
WARN  no build tool detected in workspace 'C:\rnd_project'. The most common cause for this problem is that the editor was opened in the wrong working directory, for example if you use sbt then the workspace directory should contain build.sbt. 
WARN  no build target: C:\rnd_project\mongo_spark.scala
WARN  no build target: C:\rnd_project\mongo_spark.scala
WARN  no build target: 
WARN  no build tool detected in workspace 'C:\rnd_project'. The most common cause for this problem is that the editor was opened in the wrong working directory, for example if you use sbt then the workspace directory should contain build.sbt. 
3월 27, 2020 8:50:36 오전 scala.meta.internal.pc.CompilerAccess retryWithCleanCompiler
정보: compiler crashed due to an error in the Scala compiler, retrying with new compiler instance.
WARN  no build tool detected in workspace 'C:\rnd_project'. The most common cause for this problem is that the editor was opened in the wrong working directory, for example if you use sbt then the workspace directory should contain build.sbt. 
3월 27, 2020 8:50:36 오전 scala.meta.internal.pc.CompilerAccess handleError
심각: no context found for source-file:///C:/rnd_project/mongo_spark.scala,line-7,offset=115
scala.reflect.internal.FatalError: no context found for source-file:///C:/rnd_project/mongo_spark.scala,line-7,offset=115
	at scala.tools.nsc.interactive.CompilerControl.$anonfun$doLocateContext$1(CompilerControl.scala:100)
	at scala.tools.nsc.interactive.CompilerControl.doLocateContext(CompilerControl.scala:100)
	at scala.tools.nsc.interactive.CompilerControl.doLocateContext$(CompilerControl.scala:99)
	at scala.tools.nsc.interactive.Global.doLocateContext(Global.scala:113)
	at scala.meta.internal.pc.PcDefinitionProvider.definitionTypedTreeAt(PcDefinitionProvider.scala:94)
	at scala.meta.internal.pc.PcDefinitionProvider.definition(PcDefinitionProvider.scala:22)

WARN  no build target: C:\rnd_project\mongo_spark.scala
WARN  no build target: 
WARN  no build tool detected in workspace 'C:\rnd_project'. The most common cause for this problem is that the editor was opened in the wrong working directory, for example if you use sbt then the workspace directory should contain build.sbt. 
WARN  no build target: C:\rnd_project\mongo_spark.scala
WARN  no build target: 
WARN  no build tool detected in workspace 'C:\rnd_project'. The most common cause for this problem is that the editor was opened in the wrong working directory, for example if you use sbt then the workspace directory should contain build.sbt. 
WARN  no build tool detected in workspace 'C:\rnd_project'. The most common cause for this problem is that the editor was opened in the wrong working directory, for example if you use sbt then the workspace directory should contain build.sbt. 
WARN  no build tool detected in workspace 'C:\rnd_project'. The most common cause for this problem is that the editor was opened in the wrong working directory, for example if you use sbt then the workspace directory should contain build.sbt. 
WARN  no build tool detected in workspace 'C:\rnd_project'. The most common cause for this problem is that the editor was opened in the wrong working directory, for example if you use sbt then the workspace directory should contain build.sbt. 
WARN  no build target: C:\rnd_project\mongo_spark.scala
WARN  no build target: 
WARN  no build tool detected in workspace 'C:\rnd_project'. The most common cause for this problem is that the editor was opened in the wrong working directory, for example if you use sbt then the workspace directory should contain build.sbt. 
WARN  no build tool detected in workspace 'C:\rnd_project'. The most common cause for this problem is that the editor was opened in the wrong working directory, for example if you use sbt then the workspace directory should contain build.sbt. 
WARN  no build tool detected in workspace 'C:\rnd_project'. The most common cause for this problem is that the editor was opened in the wrong working directory, for example if you use sbt then the workspace directory should contain build.sbt. 
WARN  no build tool detected in workspace 'C:\rnd_project'. The most common cause for this problem is that the editor was opened in the wrong working directory, for example if you use sbt then the workspace directory should contain build.sbt. 
WARN  no build tool detected in workspace 'C:\rnd_project'. The most common cause for this problem is that the editor was opened in the wrong working directory, for example if you use sbt then the workspace directory should contain build.sbt. 
WARN  no build tool detected in workspace 'C:\rnd_project'. The most common cause for this problem is that the editor was opened in the wrong working directory, for example if you use sbt then the workspace directory should contain build.sbt. 
WARN  no build target: C:\rnd_project\mongo_spark.scala
WARN  no build target: 
WARN  no build tool detected in workspace 'C:\rnd_project'. The most common cause for this problem is that the editor was opened in the wrong working directory, for example if you use sbt then the workspace directory should contain build.sbt. 
WARN  no build tool detected in workspace 'C:\rnd_project'. The most common cause for this problem is that the editor was opened in the wrong working directory, for example if you use sbt then the workspace directory should contain build.sbt. 
WARN  no build target: C:\rnd_project\mongo_spark.scala
WARN  no build target: 
WARN  no build tool detected in workspace 'C:\rnd_project'. The most common cause for this problem is that the editor was opened in the wrong working directory, for example if you use sbt then the workspace directory should contain build.sbt. 
WARN  no build target: C:\rnd_project\mongo_spark.scala
WARN  no build target: 
WARN  no build tool detected in workspace 'C:\rnd_project'. The most common cause for this problem is that the editor was opened in the wrong working directory, for example if you use sbt then the workspace directory should contain build.sbt. 
WARN  no build target: C:\rnd_project\mongo_spark.scala
WARN  no build target: 
WARN  no build tool detected in workspace 'C:\rnd_project'. The most common cause for this problem is that the editor was opened in the wrong working directory, for example if you use sbt then the workspace directory should contain build.sbt. 
WARN  no build tool detected in workspace 'C:\rnd_project'. The most common cause for this problem is that the editor was opened in the wrong working directory, for example if you use sbt then the workspace directory should contain build.sbt. 
WARN  no build tool detected in workspace 'C:\rnd_project'. The most common cause for this problem is that the editor was opened in the wrong working directory, for example if you use sbt then the workspace directory should contain build.sbt. 
WARN  no build tool detected in workspace 'C:\rnd_project'. The most common cause for this problem is that the editor was opened in the wrong working directory, for example if you use sbt then the workspace directory should contain build.sbt. 
WARN  no build tool detected in workspace 'C:\rnd_project'. The most common cause for this problem is that the editor was opened in the wrong working directory, for example if you use sbt then the workspace directory should contain build.sbt. 
WARN  no build tool detected in workspace 'C:\rnd_project'. The most common cause for this problem is that the editor was opened in the wrong working directory, for example if you use sbt then the workspace directory should contain build.sbt. 
WARN  no build target: C:\rnd_project\mongo_spark.scala
WARN  no build target: 
WARN  no build tool detected in workspace 'C:\rnd_project'. The most common cause for this problem is that the editor was opened in the wrong working directory, for example if you use sbt then the workspace directory should contain build.sbt. 
WARN  no build target: C:\rnd_project\mongo_spark.scala
WARN  no build target: 
WARN  no build target: C:\rnd_project\mongo_spark.scala
WARN  no build target: 
WARN  no build tool detected in workspace 'C:\rnd_project'. The most common cause for this problem is that the editor was opened in the wrong working directory, for example if you use sbt then the workspace directory should contain build.sbt. 
WARN  no build tool detected in workspace 'C:\rnd_project'. The most common cause for this problem is that the editor was opened in the wrong working directory, for example if you use sbt then the workspace directory should contain build.sbt. 
WARN  no build tool detected in workspace 'C:\rnd_project'. The most common cause for this problem is that the editor was opened in the wrong working directory, for example if you use sbt then the workspace directory should contain build.sbt. 
WARN  no build tool detected in workspace 'C:\rnd_project'. The most common cause for this problem is that the editor was opened in the wrong working directory, for example if you use sbt then the workspace directory should contain build.sbt. 
WARN  no build tool detected in workspace 'C:\rnd_project'. The most common cause for this problem is that the editor was opened in the wrong working directory, for example if you use sbt then the workspace directory should contain build.sbt. 
WARN  no build tool detected in workspace 'C:\rnd_project'. The most common cause for this problem is that the editor was opened in the wrong working directory, for example if you use sbt then the workspace directory should contain build.sbt. 
WARN  no build tool detected in workspace 'C:\rnd_project'. The most common cause for this problem is that the editor was opened in the wrong working directory, for example if you use sbt then the workspace directory should contain build.sbt. 
WARN  no build target: C:\rnd_project\mongo_spark.scala
WARN  no build target: 
WARN  no build tool detected in workspace 'C:\rnd_project'. The most common cause for this problem is that the editor was opened in the wrong working directory, for example if you use sbt then the workspace directory should contain build.sbt. 
WARN  no build target: C:\rnd_project\mongo_spark.scala
WARN  no build target: 
WARN  no build target: C:\rnd_project\mongo_spark.scala
WARN  no build target: 
WARN  no build target: C:\rnd_project\mongo_spark.scala
WARN  no build target: 
WARN  no build target: C:\rnd_project\mongo_spark.scala
WARN  no build target: 
WARN  no build target: C:\rnd_project\mongo_spark.scala
WARN  no build target: 
WARN  no build target: C:\rnd_project\mongo_spark.scala
WARN  no build target: 
WARN  no build target: C:\rnd_project\mongo_spark.scala
WARN  no build target: 
WARN  no build target: C:\rnd_project\mongo_spark.scala
WARN  no build target: 
WARN  no build target: C:\rnd_project\mongo_spark.scala
WARN  no build target: 
WARN  no build target: C:\rnd_project\mongo_spark.scala
WARN  no build target: 
WARN  no build target: C:\rnd_project\mongo_spark.scala
WARN  no build target: 
WARN  no build target: C:\rnd_project\mongo_spark.scala
WARN  no build target: 
WARN  no build target: C:\rnd_project\mongo_spark.scala
WARN  no build target: 
WARN  no build target: C:\rnd_project\mongo_spark.scala
WARN  no build target: 
WARN  no build target: C:\rnd_project\mongo_spark.scala
WARN  no build target: 
WARN  no build target: C:\rnd_project\mongo_spark.scala
WARN  no build target: 
WARN  no build target: C:\rnd_project\mongo_spark.scala
WARN  no build target: 
WARN  no build target: C:\rnd_project\mongo_spark.scala
WARN  no build target: 
WARN  no build target: C:\rnd_project\mongo_spark.scala
WARN  no build target: 
WARN  no build target: C:\rnd_project\mongo_spark.scala
WARN  no build target: 
WARN  no build target: C:\rnd_project\mongo_spark.scala
WARN  no build target: 
WARN  no build target: C:\rnd_project\mongo_spark.scala
WARN  no build target: 
WARN  no build target: C:\rnd_project\mongo_spark.scala
WARN  no build target: 
WARN  no build target: C:\rnd_project\mongo_spark.scala
WARN  no build target: 
WARN  no build target: C:\rnd_project\mongo_spark.scala
WARN  no build target: 
WARN  no build target: C:\rnd_project\mongo_spark.scala
WARN  no build target: 
WARN  no build target: C:\rnd_project\mongo_spark.scala
WARN  no build target: 
WARN  no build target: C:\rnd_project\mongo_spark.scala
WARN  no build target: 
WARN  no build target: C:\rnd_project\mongo_spark.scala
WARN  no build target: 
WARN  no build target: C:\rnd_project\mongo_spark.scala
WARN  no build target: 
WARN  no build target: C:\rnd_project\mongo_spark.scala
WARN  no build target: 
WARN  no build tool detected in workspace 'C:\rnd_project'. The most common cause for this problem is that the editor was opened in the wrong working directory, for example if you use sbt then the workspace directory should contain build.sbt. 
WARN  no build target: C:\rnd_project\mongo_spark.scala
WARN  no build target: 
WARN  no build target: C:\rnd_project\mongo_spark.scala
WARN  no build target: 
WARN  no build target: C:\rnd_project\mongo_spark.scala
WARN  no build target: 
WARN  no build target: C:\rnd_project\mongo_spark.scala
WARN  no build target: 
WARN  no build target: C:\rnd_project\mongo_spark.scala
WARN  no build target: 
WARN  no build target: C:\rnd_project\mongo_spark.scala
WARN  no build target: 
WARN  no build target: C:\rnd_project\mongo_spark.scala
WARN  no build target: 
WARN  no build target: C:\rnd_project\mongo_spark.scala
WARN  no build target: 
WARN  no build target: C:\rnd_project\mongo_spark.scala
WARN  no build target: 
WARN  no build target: C:\rnd_project\mongo_spark.scala
WARN  no build target: 
WARN  no build target: C:\rnd_project\mongo_spark.scala
WARN  no build target: 
WARN  no build target: C:\rnd_project\mongo_spark.scala
WARN  no build target: 
WARN  no build target: C:\rnd_project\mongo_spark.scala
WARN  no build target: 
WARN  no build target: C:\rnd_project\mongo_spark.scala
WARN  no build target: 
WARN  no build target: C:\rnd_project\mongo_spark.scala
WARN  no build target: 
WARN  no build target: C:\rnd_project\mongo_spark.scala
WARN  no build target: 
WARN  no build target: C:\rnd_project\mongo_spark.scala
WARN  no build target: 
WARN  no build target: C:\rnd_project\mongo_spark.scala
WARN  no build target: 
WARN  no build target: C:\rnd_project\mongo_spark.scala
WARN  no build target: 
WARN  no build target: C:\rnd_project\mongo_spark.scala
WARN  no build target: 
WARN  no build target: C:\rnd_project\mongo_spark.scala
WARN  no build target: 
WARN  no build target: C:\rnd_project\mongo_spark.scala
WARN  no build target: 
WARN  no build target: C:\rnd_project\mongo_spark.scala
WARN  no build target: 
WARN  no build target: C:\rnd_project\mongo_spark.scala
WARN  no build target: 
WARN  no build target: C:\rnd_project\mongo_spark.scala
WARN  no build target: 
WARN  no build target: C:\rnd_project\mongo_spark.scala
WARN  no build target: 
WARN  no build target: C:\rnd_project\mongo_spark.scala
WARN  no build target: 
WARN  no build target: C:\rnd_project\mongo_spark.scala
WARN  no build target: 
WARN  no build target: C:\rnd_project\mongo_spark.scala
WARN  no build target: 
WARN  no build target: C:\rnd_project\mongo_spark.scala
WARN  no build target: 
WARN  no build target: C:\rnd_project\mongo_spark.scala
WARN  no build target: 
WARN  no build target: C:\rnd_project\mongo_spark.scala
WARN  no build target: 
WARN  no build target: C:\rnd_project\mongo_spark.scala
WARN  no build target: 
WARN  no build target: C:\rnd_project\mongo_spark.scala
WARN  no build target: 
WARN  no build target: C:\rnd_project\mongo_spark.scala
WARN  no build target: 
WARN  no build target: C:\rnd_project\mongo_spark.scala
WARN  no build target: 
WARN  no build target: C:\rnd_project\mongo_spark.scala
WARN  no build target: 
WARN  no build target: C:\rnd_project\mongo_spark.scala
WARN  no build target: 
WARN  no build target: C:\rnd_project\mongo_spark.scala
WARN  no build target: 
WARN  no build target: C:\rnd_project\mongo_spark.scala
WARN  no build target: 
WARN  no build target: C:\rnd_project\mongo_spark.scala
WARN  no build target: 
WARN  no build target: C:\rnd_project\mongo_spark.scala
WARN  no build target: 
WARN  no build target: C:\rnd_project\mongo_spark.scala
WARN  no build target: 
WARN  no build target: C:\rnd_project\mongo_spark.scala
WARN  no build target: 
WARN  no build target: C:\rnd_project\mongo_spark.scala
WARN  no build target: 
WARN  no build target: C:\rnd_project\mongo_spark.scala
WARN  no build target: 
WARN  no build target: C:\rnd_project\mongo_spark.scala
WARN  no build target: 
WARN  no build target: C:\rnd_project\mongo_spark.scala
WARN  no build target: 
WARN  no build target: C:\rnd_project\mongo_spark.scala
WARN  no build target: 
WARN  no build target: C:\rnd_project\mongo_spark.scala
WARN  no build target: 
WARN  no build target: C:\rnd_project\mongo_spark.scala
WARN  no build target: 
WARN  no build target: C:\rnd_project\mongo_spark.scala
WARN  no build target: 
WARN  no build target: C:\rnd_project\mongo_spark.scala
WARN  no build target: 
WARN  no build target: C:\rnd_project\mongo_spark.scala
WARN  no build target: 
WARN  no build target: C:\rnd_project\mongo_spark.scala
WARN  no build target: 
WARN  no build target: C:\rnd_project\mongo_spark.scala
WARN  no build target: 
WARN  no build target: C:\rnd_project\mongo_spark.scala
WARN  no build target: 
WARN  no build target: C:\rnd_project\mongo_spark.scala
WARN  no build target: 
WARN  no build target: C:\rnd_project\mongo_spark.scala
WARN  no build target: 
WARN  no build target: C:\rnd_project\mongo_spark.scala
WARN  no build target: 
WARN  no build target: C:\rnd_project\mongo_spark.scala
WARN  no build target: 
WARN  no build target: C:\rnd_project\mongo_spark.scala
WARN  no build target: 
WARN  no build target: C:\rnd_project\mongo_spark.scala
WARN  no build target: 
WARN  no build target: C:\rnd_project\mongo_spark.scala
WARN  no build target: 
WARN  no build target: C:\rnd_project\mongo_spark.scala
WARN  no build target: 
WARN  no build target: C:\rnd_project\mongo_spark.scala
WARN  no build target: 
INFO  shutting down Metals
